[EventsParser] 23:01:40.461 - Resolved events.txt path: C:\Program Files (x86)\Steam\steamapps\common\DARK SOULS III\Game\fog\fogdist\events.txt
[2025-07-14 23:01:40.488] Successfully attached to Dark Souls III (PID: 48340, Base: 0x140000000)
[2025-07-14 23:01:40.746] Player position address: 0x7FF4AD3F7750
[2025-07-14 23:01:40.747] Player position: X=371,749115, Y=-252,186981, Z=-762,613525
[2025-07-14 23:01:40.748] WorldChrMan address: 0x7FF4AF0F6760
[2025-07-14 23:01:40.748] Map ID address: 0x7FF4AD3F4E30
[2025-07-14 23:01:40.748] Raw map ID: 0x25000000 (620756992), Formatted: m37_00_00_00
[2025-07-14 23:01:40.754] Player position address: 0x7FF4AD3F7750
[2025-07-14 23:01:40.754] Player position: X=371,749115, Y=-252,186981, Z=-762,613525
[2025-07-14 23:01:40.754] WorldChrMan address: 0x7FF4AF0F6760
[2025-07-14 23:01:40.755] Map ID address: 0x7FF4AD3F4E30
[2025-07-14 23:01:40.755] Raw map ID: 0x25000000 (620756992), Formatted: m37_00_00_00
[EventsParser] 23:01:41.148 - Loaded 225 fog gate names from events.txt
[2025-07-14 23:01:41.172] Player position address: 0x7FF4AD3F7750
[2025-07-14 23:01:41.173] Player position: X=371,749115, Y=-252,186981, Z=-762,613525
[2025-07-14 23:01:41.256] Player position address: 0x7FF4AD3F7750
[2025-07-14 23:01:41.256] Player position: X=371,749115, Y=-252,186981, Z=-762,613525
[2025-07-14 23:01:41.256] WorldChrMan address: 0x7FF4AF0F6760
[2025-07-14 23:01:41.256] Map ID address: 0x7FF4AD3F4E30
[2025-07-14 23:01:41.257] Raw map ID: 0x25000000 (620756992), Formatted: m37_00_00_00
[2025-07-14 23:01:41.368] Player position address: 0x7FF4AD3F7750
[2025-07-14 23:01:41.369] Player position: X=371,749115, Y=-252,186981, Z=-762,613525
[2025-07-14 23:01:41.369] Player position address: 0x7FF4AD3F7750
[2025-07-14 23:01:41.369] Player position: X=371,749115, Y=-252,186981, Z=-762,613525
[2025-07-14 23:01:41.369] WorldChrMan address: 0x7FF4AF0F6760
[2025-07-14 23:01:41.369] Map ID address: 0x7FF4AD3F4E30
[2025-07-14 23:01:41.369] Raw map ID: 0x25000000 (620756992), Formatted: m37_00_00_00
[2025-07-14 23:01:41.480] Player position address: 0x7FF4AD3F7750
[2025-07-14 23:01:41.481] Player position: X=371,749115, Y=-252,186981, Z=-762,613525
[2025-07-14 23:01:41.481] WorldChrMan address: 0x7FF4AF0F6760
[2025-07-14 23:01:41.481] Map ID address: 0x7FF4AD3F4E30
[2025-07-14 23:01:41.481] Raw map ID: 0x25000000 (620756992), Formatted: m37_00_00_00
[2025-07-14 23:01:41.575] Player position address: 0x7FF4AD3F7750
[2025-07-14 23:01:41.575] Player position: X=371,749115, Y=-252,186981, Z=-762,613525
[2025-07-14 23:01:41.590] Player position address: 0x7FF4AD3F7750
[2025-07-14 23:01:41.590] Player position: X=371,749115, Y=-252,186981, Z=-762,613525
[2025-07-14 23:01:41.590] WorldChrMan address: 0x7FF4AF0F6760
[2025-07-14 23:01:41.590] Map ID address: 0x7FF4AD3F4E30
[2025-07-14 23:01:41.591] Raw map ID: 0x25000000 (620756992), Formatted: m37_00_00_00
[2025-07-14 23:01:41.700] Player position address: 0x7FF4AD3F7750
[2025-07-14 23:01:41.700] Player position: X=371,749115, Y=-252,186981, Z=-762,613525
[2025-07-14 23:01:41.700] WorldChrMan address: 0x7FF4AF0F6760
[2025-07-14 23:01:41.701] Map ID address: 0x7FF4AD3F4E30
[2025-07-14 23:01:41.701] Raw map ID: 0x25000000 (620756992), Formatted: m37_00_00_00
[2025-07-14 23:01:41.768] Player position address: 0x7FF4AD3F7750
[2025-07-14 23:01:41.768] Player position: X=371,749115, Y=-252,186981, Z=-762,613525
[2025-07-14 23:01:41.801] Player position address: 0x7FF4AD3F7750
[2025-07-14 23:01:41.801] Player position: X=371,749115, Y=-252,186981, Z=-762,613525
[2025-07-14 23:01:41.801] WorldChrMan address: 0x7FF4AF0F6760
[2025-07-14 23:01:41.801] Map ID address: 0x7FF4AD3F4E30
[2025-07-14 23:01:41.801] Raw map ID: 0x25000000 (620756992), Formatted: m37_00_00_00
[2025-07-14 23:01:41.912] Player position address: 0x7FF4AD3F7750
[2025-07-14 23:01:41.913] Player position: X=371,749115, Y=-252,186981, Z=-762,613525
[2025-07-14 23:01:41.913] WorldChrMan address: 0x7FF4AF0F6760
[2025-07-14 23:01:41.913] Map ID address: 0x7FF4AD3F4E30
[2025-07-14 23:01:41.914] Raw map ID: 0x25000000 (620756992), Formatted: m37_00_00_00
[2025-07-14 23:01:41.977] Player position address: 0x7FF4AD3F7750
[2025-07-14 23:01:41.977] Player position: X=371,749115, Y=-252,186981, Z=-762,613525
[2025-07-14 23:01:42.026] Player position address: 0x7FF4AD3F7750
[2025-07-14 23:01:42.026] Player position: X=371,749115, Y=-252,186981, Z=-762,613525
[2025-07-14 23:01:42.026] WorldChrMan address: 0x7FF4AF0F6760
[2025-07-14 23:01:42.027] Map ID address: 0x7FF4AD3F4E30
[2025-07-14 23:01:42.027] Raw map ID: 0x25000000 (620756992), Formatted: m37_00_00_00
[2025-07-14 23:01:42.134] Player position address: 0x7FF4AD3F7750
[2025-07-14 23:01:42.134] Player position: X=371,749115, Y=-252,186981, Z=-762,613525
[2025-07-14 23:01:42.135] WorldChrMan address: 0x7FF4AF0F6760
[2025-07-14 23:01:42.135] Map ID address: 0x7FF4AD3F4E30
[2025-07-14 23:01:42.135] Raw map ID: 0x25000000 (620756992), Formatted: m37_00_00_00
[2025-07-14 23:01:42.181] Player position address: 0x7FF4AD3F7750
[2025-07-14 23:01:42.181] Player position: X=371,749115, Y=-252,186981, Z=-762,613525
[2025-07-14 23:01:42.242] Player position address: 0x7FF4AD3F7750
[2025-07-14 23:01:42.242] Player position: X=371,749115, Y=-252,186981, Z=-762,613525
[2025-07-14 23:01:42.243] WorldChrMan address: 0x7FF4AF0F6760
[2025-07-14 23:01:42.243] Map ID address: 0x7FF4AD3F4E30
[2025-07-14 23:01:42.243] Raw map ID: 0x25000000 (620756992), Formatted: m37_00_00_00
[2025-07-14 23:01:42.351] Player position address: 0x7FF4AD3F7750
[2025-07-14 23:01:42.351] Player position: X=371,749115, Y=-252,186981, Z=-762,613525
[2025-07-14 23:01:42.351] WorldChrMan address: 0x7FF4AF0F6760
[2025-07-14 23:01:42.351] Map ID address: 0x7FF4AD3F4E30
[2025-07-14 23:01:42.351] Raw map ID: 0x25000000 (620756992), Formatted: m37_00_00_00
[2025-07-14 23:01:42.383] Player position address: 0x7FF4AD3F7750
[2025-07-14 23:01:42.383] Player position: X=371,749115, Y=-252,186981, Z=-762,613525
[2025-07-14 23:01:42.457] Player position address: 0x7FF4AD3F7750
[2025-07-14 23:01:42.457] Player position: X=371,749115, Y=-252,186981, Z=-762,613525
[2025-07-14 23:01:42.457] WorldChrMan address: 0x7FF4AF0F6760
[2025-07-14 23:01:42.457] Map ID address: 0x7FF4AD3F4E30
[2025-07-14 23:01:42.457] Raw map ID: 0x25000000 (620756992), Formatted: m37_00_00_00
[2025-07-14 23:01:42.568] Player position address: 0x7FF4AD3F7750
[2025-07-14 23:01:42.569] Player position: X=371,749115, Y=-252,186981, Z=-762,613525
[2025-07-14 23:01:42.569] WorldChrMan address: 0x7FF4AF0F6760
[2025-07-14 23:01:42.569] Map ID address: 0x7FF4AD3F4E30
[2025-07-14 23:01:42.569] Raw map ID: 0x25000000 (620756992), Formatted: m37_00_00_00
[2025-07-14 23:01:42.584] Player position address: 0x7FF4AD3F7750
[2025-07-14 23:01:42.584] Player position: X=371,749115, Y=-252,186981, Z=-762,613525
[2025-07-14 23:01:42.678] Player position address: 0x7FF4AD3F7750
[2025-07-14 23:01:42.679] Player position: X=371,749115, Y=-252,186981, Z=-762,613525
[2025-07-14 23:01:42.679] WorldChrMan address: 0x7FF4AF0F6760
[2025-07-14 23:01:42.679] Map ID address: 0x7FF4AD3F4E30
[2025-07-14 23:01:42.679] Raw map ID: 0x25000000 (620756992), Formatted: m37_00_00_00
[2025-07-14 23:01:42.787] Player position address: 0x7FF4AD3F7750
[2025-07-14 23:01:42.787] Player position: X=371,749115, Y=-252,186981, Z=-762,613525
[2025-07-14 23:01:42.788] Player position address: 0x7FF4AD3F7750
[2025-07-14 23:01:42.788] Player position: X=371,749115, Y=-252,186981, Z=-762,613525
[2025-07-14 23:01:42.788] WorldChrMan address: 0x7FF4AF0F6760
[2025-07-14 23:01:42.788] Map ID address: 0x7FF4AD3F4E30
[2025-07-14 23:01:42.788] Raw map ID: 0x25000000 (620756992), Formatted: m37_00_00_00
[2025-07-14 23:01:42.896] Player position address: 0x7FF4AD3F7750
[2025-07-14 23:01:42.896] Player position: X=371,749115, Y=-252,186981, Z=-762,613525
[2025-07-14 23:01:42.896] WorldChrMan address: 0x7FF4AF0F6760
[2025-07-14 23:01:42.896] Map ID address: 0x7FF4AD3F4E30
[2025-07-14 23:01:42.896] Raw map ID: 0x25000000 (620756992), Formatted: m37_00_00_00
[2025-07-14 23:01:42.990] Player position address: 0x7FF4AD3F7750
[2025-07-14 23:01:42.990] Player position: X=371,749115, Y=-252,186981, Z=-762,613525
[2025-07-14 23:01:43.006] Player position address: 0x7FF4AD3F7750
[2025-07-14 23:01:43.006] Player position: X=371,749115, Y=-252,186981, Z=-762,613525
[2025-07-14 23:01:43.006] WorldChrMan address: 0x7FF4AF0F6760
[2025-07-14 23:01:43.006] Map ID address: 0x7FF4AD3F4E30
[2025-07-14 23:01:43.006] Raw map ID: 0x25000000 (620756992), Formatted: m37_00_00_00
[2025-07-14 23:01:43.112] Player position address: 0x7FF4AD3F7750
[2025-07-14 23:01:43.112] Player position: X=371,749115, Y=-252,186981, Z=-762,613525
[2025-07-14 23:01:43.112] WorldChrMan address: 0x7FF4AF0F6760
[2025-07-14 23:01:43.112] Map ID address: 0x7FF4AD3F4E30
[2025-07-14 23:01:43.112] Raw map ID: 0x25000000 (620756992), Formatted: m37_00_00_00
[2025-07-14 23:01:43.193] Player position address: 0x7FF4AD3F7750
[2025-07-14 23:01:43.193] Player position: X=371,749115, Y=-252,186981, Z=-762,613525
[2025-07-14 23:01:43.223] Player position address: 0x7FF4AD3F7750
[2025-07-14 23:01:43.223] Player position: X=371,749115, Y=-252,186981, Z=-762,613525
[2025-07-14 23:01:43.224] WorldChrMan address: 0x7FF4AF0F6760
[2025-07-14 23:01:43.224] Map ID address: 0x7FF4AD3F4E30
[2025-07-14 23:01:43.224] Raw map ID: 0x25000000 (620756992), Formatted: m37_00_00_00
[2025-07-14 23:01:43.332] Player position address: 0x7FF4AD3F7750
[2025-07-14 23:01:43.332] Player position: X=371,749115, Y=-252,186981, Z=-762,613525
[2025-07-14 23:01:43.333] WorldChrMan address: 0x7FF4AF0F6760
[2025-07-14 23:01:43.333] Map ID address: 0x7FF4AD3F4E30
[2025-07-14 23:01:43.333] Raw map ID: 0x25000000 (620756992), Formatted: m37_00_00_00
[2025-07-14 23:01:43.396] Player position address: 0x7FF4AD3F7750
[2025-07-14 23:01:43.396] Player position: X=371,749115, Y=-252,186981, Z=-762,613525
[2025-07-14 23:01:43.441] Player position address: 0x7FF4AD3F7750
[2025-07-14 23:01:43.441] Player position: X=371,749115, Y=-252,186981, Z=-762,613525
[2025-07-14 23:01:43.441] WorldChrMan address: 0x7FF4AF0F6760
[2025-07-14 23:01:43.441] Map ID address: 0x7FF4AD3F4E30
[2025-07-14 23:01:43.441] Raw map ID: 0x25000000 (620756992), Formatted: m37_00_00_00
[2025-07-14 23:01:43.559] Player position address: 0x7FF4AD3F7750
[2025-07-14 23:01:43.559] Player position: X=371,749115, Y=-252,186981, Z=-762,613525
[2025-07-14 23:01:43.559] WorldChrMan address: 0x7FF4AF0F6760
[2025-07-14 23:01:43.560] Map ID address: 0x7FF4AD3F4E30
[2025-07-14 23:01:43.560] Raw map ID: 0x25000000 (620756992), Formatted: m37_00_00_00
[2025-07-14 23:01:43.609] Player position address: 0x7FF4AD3F7750
[2025-07-14 23:01:43.609] Player position: X=371,749115, Y=-252,186981, Z=-762,613525
[2025-07-14 23:01:43.672] Player position address: 0x7FF4AD3F7750
[2025-07-14 23:01:43.672] Player position: X=371,749115, Y=-252,186981, Z=-762,613525
[2025-07-14 23:01:43.673] WorldChrMan address: 0x7FF4AF0F6760
[2025-07-14 23:01:43.673] Map ID address: 0x7FF4AD3F4E30
[2025-07-14 23:01:43.674] Raw map ID: 0x25000000 (620756992), Formatted: m37_00_00_00
[2025-07-14 23:01:43.768] Player position address: 0x7FF4AD3F7750
[2025-07-14 23:01:43.773] Player position: X=371,749115, Y=-252,186981, Z=-762,613525
[2025-07-14 23:01:43.774] WorldChrMan address: 0x7FF4AF0F6760
[2025-07-14 23:01:43.774] Map ID address: 0x7FF4AD3F4E30
[2025-07-14 23:01:43.774] Raw map ID: 0x25000000 (620756992), Formatted: m37_00_00_00
[2025-07-14 23:01:43.801] Player position address: 0x7FF4AD3F7750
[2025-07-14 23:01:43.801] Player position: X=371,749115, Y=-252,186981, Z=-762,613525
[2025-07-14 23:01:43.880] Player position address: 0x7FF4AD3F7750
[2025-07-14 23:01:43.880] Player position: X=371,749115, Y=-252,186981, Z=-762,613525
[2025-07-14 23:01:43.880] WorldChrMan address: 0x7FF4AF0F6760
[2025-07-14 23:01:43.880] Map ID address: 0x7FF4AD3F4E30
[2025-07-14 23:01:43.880] Raw map ID: 0x25000000 (620756992), Formatted: m37_00_00_00
[2025-07-14 23:01:43.987] Player position address: 0x7FF4AD3F7750
[2025-07-14 23:01:43.987] Player position: X=371,749115, Y=-252,186981, Z=-762,613525
[2025-07-14 23:01:43.987] WorldChrMan address: 0x7FF4AF0F6760
[2025-07-14 23:01:43.988] Map ID address: 0x7FF4AD3F4E30
[2025-07-14 23:01:43.988] Raw map ID: 0x25000000 (620756992), Formatted: m37_00_00_00
[2025-07-14 23:01:44.005] Player position address: 0x7FF4AD3F7750
[2025-07-14 23:01:44.005] Player position: X=371,749115, Y=-252,186981, Z=-762,613525
[2025-07-14 23:01:44.097] Player position address: 0x7FF4AD3F7750
[2025-07-14 23:01:44.097] Player position: X=371,749115, Y=-252,186981, Z=-762,613525
[2025-07-14 23:01:44.097] WorldChrMan address: 0x7FF4AF0F6760
[2025-07-14 23:01:44.097] Map ID address: 0x7FF4AD3F4E30
[2025-07-14 23:01:44.098] Raw map ID: 0x25000000 (620756992), Formatted: m37_00_00_00
[2025-07-14 23:01:44.216] Player position address: 0x7FF4AD3F7750
[2025-07-14 23:01:44.216] Player position: X=371,749115, Y=-252,186981, Z=-762,613525
[2025-07-14 23:01:44.217] Player position address: 0x7FF4AD3F7750
[2025-07-14 23:01:44.217] Player position: X=371,749115, Y=-252,186981, Z=-762,613525
[2025-07-14 23:01:44.217] WorldChrMan address: 0x7FF4AF0F6760
[2025-07-14 23:01:44.217] Map ID address: 0x7FF4AD3F4E30
[2025-07-14 23:01:44.218] Raw map ID: 0x25000000 (620756992), Formatted: m37_00_00_00
[2025-07-14 23:01:44.222] Player position address: 0x7FF4AD3F7750
[2025-07-14 23:01:44.222] Player position: X=371,749115, Y=-252,186981, Z=-762,613525
[2025-07-14 23:01:44.222] WorldChrMan address: 0x7FF4AF0F6760
[2025-07-14 23:01:44.222] Map ID address: 0x7FF4AD3F4E30
[2025-07-14 23:01:44.222] Raw map ID: 0x25000000 (620756992), Formatted: m37_00_00_00
[2025-07-14 23:01:44.330] Player position address: 0x7FF4AD3F7750
[2025-07-14 23:01:44.331] Player position: X=371,749115, Y=-252,186981, Z=-762,613525
[2025-07-14 23:01:44.331] WorldChrMan address: 0x7FF4AF0F6760
[2025-07-14 23:01:44.331] Map ID address: 0x7FF4AD3F4E30
[2025-07-14 23:01:44.331] Raw map ID: 0x25000000 (620756992), Formatted: m37_00_00_00
[2025-07-14 23:01:44.394] Player position address: 0x7FF4AD3F7750
[2025-07-14 23:01:44.394] Player position: X=371,749115, Y=-252,186981, Z=-762,613525
[2025-07-14 23:01:44.440] Player position address: 0x7FF4AD3F7750
[2025-07-14 23:01:44.441] Player position: X=371,749115, Y=-252,186981, Z=-762,613525
[2025-07-14 23:01:44.441] WorldChrMan address: 0x7FF4AF0F6760
[2025-07-14 23:01:44.441] Map ID address: 0x7FF4AD3F4E30
[2025-07-14 23:01:44.441] Raw map ID: 0x25000000 (620756992), Formatted: m37_00_00_00
[2025-07-14 23:01:44.549] Player position address: 0x7FF4AD3F7750
[2025-07-14 23:01:44.550] Player position: X=371,749115, Y=-252,186981, Z=-762,613525
[2025-07-14 23:01:44.550] Player position address: 0x7FF4AD3F7750
[2025-07-14 23:01:44.550] Player position: X=371,749115, Y=-252,186981, Z=-762,613525
[2025-07-14 23:01:44.550] WorldChrMan address: 0x7FF4AF0F6760
[2025-07-14 23:01:44.550] Map ID address: 0x7FF4AD3F4E30
[2025-07-14 23:01:44.550] Raw map ID: 0x25000000 (620756992), Formatted: m37_00_00_00
[2025-07-14 23:01:44.664] Player position address: 0x7FF4AD3F7750
[2025-07-14 23:01:44.664] Player position: X=371,749115, Y=-252,186981, Z=-762,613525
[2025-07-14 23:01:44.665] WorldChrMan address: 0x7FF4AF0F6760
[2025-07-14 23:01:44.665] Map ID address: 0x7FF4AD3F4E30
[2025-07-14 23:01:44.665] Raw map ID: 0x25000000 (620756992), Formatted: m37_00_00_00
[2025-07-14 23:01:44.713] Player position address: 0x7FF4AD3F7750
[2025-07-14 23:01:44.713] Player position: X=371,749115, Y=-252,186981, Z=-762,613525
[2025-07-14 23:01:44.776] Player position address: 0x7FF4AD3F7750
[2025-07-14 23:01:44.777] Player position: X=371,749115, Y=-252,186981, Z=-762,613525
[2025-07-14 23:01:44.777] WorldChrMan address: 0x7FF4AF0F6760
[2025-07-14 23:01:44.777] Map ID address: 0x7FF4AD3F4E30
[2025-07-14 23:01:44.777] Raw map ID: 0x25000000 (620756992), Formatted: m37_00_00_00
[2025-07-14 23:01:44.872] Player position address: 0x7FF4AD3F7750
[2025-07-14 23:01:44.872] Player position: X=371,749115, Y=-252,186981, Z=-762,613525
[2025-07-14 23:01:44.888] Player position address: 0x7FF4AD3F7750
[2025-07-14 23:01:44.888] Player position: X=371,749115, Y=-252,186981, Z=-762,613525
[2025-07-14 23:01:44.888] WorldChrMan address: 0x7FF4AF0F6760
[2025-07-14 23:01:44.888] Map ID address: 0x7FF4AD3F4E30
[2025-07-14 23:01:44.888] Raw map ID: 0x25000000 (620756992), Formatted: m37_00_00_00
[2025-07-14 23:01:44.999] Player position address: 0x7FF4AD3F7750
[2025-07-14 23:01:44.999] Player position: X=371,749115, Y=-252,186981, Z=-762,613525
[2025-07-14 23:01:44.999] WorldChrMan address: 0x7FF4AF0F6760
[2025-07-14 23:01:44.999] Map ID address: 0x7FF4AD3F4E30
[2025-07-14 23:01:44.999] Raw map ID: 0x25000000 (620756992), Formatted: m37_00_00_00
[2025-07-14 23:01:45.029] Player position address: 0x7FF4AD3F7750
[2025-07-14 23:01:45.030] Player position: X=371,749115, Y=-252,186981, Z=-762,613525
[2025-07-14 23:01:45.107] Player position address: 0x7FF4AD3F7750
[2025-07-14 23:01:45.107] Player position: X=371,749115, Y=-252,186981, Z=-762,613525
[2025-07-14 23:01:45.107] WorldChrMan address: 0x7FF4AF0F6760
[2025-07-14 23:01:45.107] Map ID address: 0x7FF4AD3F4E30
[2025-07-14 23:01:45.108] Raw map ID: 0x25000000 (620756992), Formatted: m37_00_00_00
[2025-07-14 23:01:45.177] Player position address: 0x7FF4AD3F7750
[2025-07-14 23:01:45.177] Player position: X=371,749115, Y=-252,186981, Z=-762,613525
[2025-07-14 23:01:45.209] Player position address: 0x7FF4AD3F7750
[2025-07-14 23:01:45.209] Player position: X=371,749115, Y=-252,186981, Z=-762,613525
[2025-07-14 23:01:45.209] WorldChrMan address: 0x7FF4AF0F6760
[2025-07-14 23:01:45.209] Map ID address: 0x7FF4AD3F4E30
[2025-07-14 23:01:45.209] Raw map ID: 0x25000000 (620756992), Formatted: m37_00_00_00
[2025-07-14 23:01:45.320] Player position address: 0x7FF4AD3F7750
[2025-07-14 23:01:45.320] Player position: X=371,749115, Y=-252,186981, Z=-762,613525
[2025-07-14 23:01:45.320] WorldChrMan address: 0x7FF4AF0F6760
[2025-07-14 23:01:45.320] Map ID address: 0x7FF4AD3F4E30
[2025-07-14 23:01:45.321] Raw map ID: 0x25000000 (620756992), Formatted: m37_00_00_00
[2025-07-14 23:01:45.336] Player position address: 0x7FF4AD3F7750
[2025-07-14 23:01:45.336] Player position: X=371,749115, Y=-252,186981, Z=-762,613525
[2025-07-14 23:01:45.337] Player position address: 0x7FF4AD3F7750
[2025-07-14 23:01:45.337] Player position: X=371,749115, Y=-252,186981, Z=-762,613525
[2025-07-14 23:01:45.337] WorldChrMan address: 0x7FF4AF0F6760
[2025-07-14 23:01:45.337] Map ID address: 0x7FF4AD3F4E30
[2025-07-14 23:01:45.337] Raw map ID: 0x25000000 (620756992), Formatted: m37_00_00_00
[2025-07-14 23:01:45.432] Player position address: 0x7FF4AD3F7750
[2025-07-14 23:01:45.432] Player position: X=371,749115, Y=-252,186981, Z=-762,613525
[2025-07-14 23:01:45.433] WorldChrMan address: 0x7FF4AF0F6760
[2025-07-14 23:01:45.433] Map ID address: 0x7FF4AD3F4E30
[2025-07-14 23:01:45.433] Raw map ID: 0x25000000 (620756992), Formatted: m37_00_00_00
[2025-07-14 23:01:45.496] Player position address: 0x7FF4AD3F7750
[2025-07-14 23:01:45.496] Player position: X=371,749115, Y=-252,186981, Z=-762,613525
[2025-07-14 23:01:45.546] Player position address: 0x7FF4AD3F7750
[2025-07-14 23:01:45.546] Player position: X=371,749115, Y=-252,186981, Z=-762,613525
[2025-07-14 23:01:45.546] WorldChrMan address: 0x7FF4AF0F6760
[2025-07-14 23:01:45.546] Map ID address: 0x7FF4AD3F4E30
[2025-07-14 23:01:45.546] Raw map ID: 0x25000000 (620756992), Formatted: m37_00_00_00
[2025-07-14 23:01:45.655] Player position address: 0x7FF4AD3F7750
[2025-07-14 23:01:45.656] Player position: X=371,749115, Y=-252,186981, Z=-762,613525
[2025-07-14 23:01:45.656] Player position address: 0x7FF4AD3F7750
[2025-07-14 23:01:45.656] Player position: X=371,749115, Y=-252,186981, Z=-762,613525
[2025-07-14 23:01:45.656] WorldChrMan address: 0x7FF4AF0F6760
[2025-07-14 23:01:45.656] Map ID address: 0x7FF4AD3F4E30
[2025-07-14 23:01:45.656] Raw map ID: 0x25000000 (620756992), Formatted: m37_00_00_00
[2025-07-14 23:01:45.765] Player position address: 0x7FF4AD3F7750
[2025-07-14 23:01:45.765] Player position: X=371,749115, Y=-252,186981, Z=-762,613525
[2025-07-14 23:01:45.765] WorldChrMan address: 0x7FF4AF0F6760
[2025-07-14 23:01:45.766] Map ID address: 0x7FF4AD3F4E30
[2025-07-14 23:01:45.766] Raw map ID: 0x25000000 (620756992), Formatted: m37_00_00_00
[2025-07-14 23:01:45.801] Player position address: 0x7FF4AD3F7750
[2025-07-14 23:01:45.801] Player position: X=371,749115, Y=-252,186981, Z=-762,613525
[2025-07-14 23:01:45.864] Player position address: 0x7FF4AD3F7750
[2025-07-14 23:01:45.864] Player position: X=371,749115, Y=-252,186981, Z=-762,613525
[2025-07-14 23:01:45.864] WorldChrMan address: 0x7FF4AF0F6760
[2025-07-14 23:01:45.865] Map ID address: 0x7FF4AD3F4E30
[2025-07-14 23:01:45.865] Raw map ID: 0x25000000 (620756992), Formatted: m37_00_00_00
[2025-07-14 23:01:45.960] Player position address: 0x7FF4AD3F7750
[2025-07-14 23:01:45.961] Player position: X=371,749115, Y=-252,186981, Z=-762,613525
[2025-07-14 23:01:45.976] Player position address: 0x7FF4AD3F7750
[2025-07-14 23:01:45.977] Player position: X=371,749115, Y=-252,186981, Z=-762,613525
[2025-07-14 23:01:45.977] WorldChrMan address: 0x7FF4AF0F6760
[2025-07-14 23:01:45.977] Map ID address: 0x7FF4AD3F4E30
[2025-07-14 23:01:45.977] Raw map ID: 0x25000000 (620756992), Formatted: m37_00_00_00
[2025-07-14 23:01:46.088] Player position address: 0x7FF4AD3F7750
[2025-07-14 23:01:46.088] Player position: X=371,749115, Y=-252,186981, Z=-762,613525
[2025-07-14 23:01:46.088] WorldChrMan address: 0x7FF4AF0F6760
[2025-07-14 23:01:46.089] Map ID address: 0x7FF4AD3F4E30
[2025-07-14 23:01:46.089] Raw map ID: 0x25000000 (620756992), Formatted: m37_00_00_00
[2025-07-14 23:01:46.120] Player position address: 0x7FF4AD3F7750
[2025-07-14 23:01:46.121] Player position: X=371,749115, Y=-252,186981, Z=-762,613525
[2025-07-14 23:01:46.200] Player position address: 0x7FF4AD3F7750
[2025-07-14 23:01:46.201] Player position: X=371,749115, Y=-252,186981, Z=-762,613525
[2025-07-14 23:01:46.201] WorldChrMan address: 0x7FF4AF0F6760
[2025-07-14 23:01:46.201] Map ID address: 0x7FF4AD3F4E30
[2025-07-14 23:01:46.201] Raw map ID: 0x25000000 (620756992), Formatted: m37_00_00_00
[2025-07-14 23:01:46.280] Player position address: 0x7FF4AD3F7750
[2025-07-14 23:01:46.280] Player position: X=371,749115, Y=-252,186981, Z=-762,613525
[2025-07-14 23:01:46.312] Player position address: 0x7FF4AD3F7750
[2025-07-14 23:01:46.313] Player position: X=371,749115, Y=-252,186981, Z=-762,613525
[2025-07-14 23:01:46.313] WorldChrMan address: 0x7FF4AF0F6760
[2025-07-14 23:01:46.313] Map ID address: 0x7FF4AD3F4E30
[2025-07-14 23:01:46.313] Raw map ID: 0x25000000 (620756992), Formatted: m37_00_00_00
[2025-07-14 23:01:46.422] Player position address: 0x7FF4AD3F7750
[2025-07-14 23:01:46.423] Player position: X=371,749115, Y=-252,186981, Z=-762,613525
[2025-07-14 23:01:46.423] WorldChrMan address: 0x7FF4AF0F6760
[2025-07-14 23:01:46.423] Map ID address: 0x7FF4AD3F4E30
[2025-07-14 23:01:46.423] Raw map ID: 0x25000000 (620756992), Formatted: m37_00_00_00
[2025-07-14 23:01:46.424] Player position address: 0x7FF4AD3F7750
[2025-07-14 23:01:46.425] Player position: X=371,749115, Y=-252,186981, Z=-762,613525
[2025-07-14 23:01:46.425] Player position address: 0x7FF4AD3F7750
[2025-07-14 23:01:46.425] Player position: X=371,749115, Y=-252,186981, Z=-762,613525
[2025-07-14 23:01:46.425] WorldChrMan address: 0x7FF4AF0F6760
[2025-07-14 23:01:46.425] Map ID address: 0x7FF4AD3F4E30
[2025-07-14 23:01:46.426] Raw map ID: 0x25000000 (620756992), Formatted: m37_00_00_00
[2025-07-14 23:01:46.521] Player position address: 0x7FF4AD3F7750
[2025-07-14 23:01:46.521] Player position: X=371,749115, Y=-252,186981, Z=-762,613525
[2025-07-14 23:01:46.521] WorldChrMan address: 0x7FF4AF0F6760
[2025-07-14 23:01:46.521] Map ID address: 0x7FF4AD3F4E30
[2025-07-14 23:01:46.521] Raw map ID: 0x25000000 (620756992), Formatted: m37_00_00_00
[2025-07-14 23:01:46.584] Player position address: 0x7FF4AD3F7750
[2025-07-14 23:01:46.584] Player position: X=371,749115, Y=-252,186981, Z=-762,613525
[2025-07-14 23:01:46.633] Player position address: 0x7FF4AD3F7750
[2025-07-14 23:01:46.633] Player position: X=371,749115, Y=-252,186981, Z=-762,613525
[2025-07-14 23:01:46.633] WorldChrMan address: 0x7FF4AF0F6760
[2025-07-14 23:01:46.633] Map ID address: 0x7FF4AD3F4E30
[2025-07-14 23:01:46.634] Raw map ID: 0x25000000 (620756992), Formatted: m37_00_00_00
[2025-07-14 23:01:46.744] Player position address: 0x7FF4AD3F7750
[2025-07-14 23:01:46.744] Player position: X=371,749115, Y=-252,186981, Z=-762,613525
[2025-07-14 23:01:46.744] Player position address: 0x7FF4AD3F7750
[2025-07-14 23:01:46.745] Player position: X=371,749115, Y=-252,186981, Z=-762,613525
[2025-07-14 23:01:46.745] WorldChrMan address: 0x7FF4AF0F6760
[2025-07-14 23:01:46.745] Map ID address: 0x7FF4AD3F4E30
[2025-07-14 23:01:46.745] Raw map ID: 0x25000000 (620756992), Formatted: m37_00_00_00
[2025-07-14 23:01:46.907] Player position address: 0x7FF4AD3F7750
[2025-07-14 23:01:46.907] Player position: X=371,749115, Y=-252,186981, Z=-762,613525
[2025-07-14 23:01:46.920] Player position address: 0x7FF4AD3F7750
[2025-07-14 23:01:46.920] Player position: X=371,749115, Y=-252,186981, Z=-762,613525
[2025-07-14 23:01:46.921] WorldChrMan address: 0x7FF4AF0F6760
[2025-07-14 23:01:46.921] Map ID address: 0x7FF4AD3F4E30
[2025-07-14 23:01:46.921] Raw map ID: 0x25000000 (620756992), Formatted: m37_00_00_00
[2025-07-14 23:01:47.020] Player position address: 0x7FF4AD3F7750
[2025-07-14 23:01:47.020] Player position: X=371,749115, Y=-252,186981, Z=-762,613525
[2025-07-14 23:01:47.021] WorldChrMan address: 0x7FF4AF0F6760
[2025-07-14 23:01:47.021] Map ID address: 0x7FF4AD3F4E30
[2025-07-14 23:01:47.021] Raw map ID: 0x25000000 (620756992), Formatted: m37_00_00_00
[2025-07-14 23:01:47.056] Player position address: 0x7FF4AD3F7750
[2025-07-14 23:01:47.057] Player position: X=371,749115, Y=-252,186981, Z=-762,613525
[2025-07-14 23:01:47.128] Player position address: 0x7FF4AD3F7750
[2025-07-14 23:01:47.128] Player position: X=371,749115, Y=-252,186981, Z=-762,613525
[2025-07-14 23:01:47.128] WorldChrMan address: 0x7FF4AF0F6760
[2025-07-14 23:01:47.129] Map ID address: 0x7FF4AD3F4E30
[2025-07-14 23:01:47.129] Raw map ID: 0x25000000 (620756992), Formatted: m37_00_00_00
[2025-07-14 23:01:47.208] Player position address: 0x7FF4AD3F7750
[2025-07-14 23:01:47.208] Player position: X=371,749115, Y=-252,186981, Z=-762,613525
[2025-07-14 23:01:47.240] Player position address: 0x7FF4AD3F7750
[2025-07-14 23:01:47.240] Player position: X=371,749115, Y=-252,186981, Z=-762,613525
[2025-07-14 23:01:47.240] WorldChrMan address: 0x7FF4AF0F6760
[2025-07-14 23:01:47.241] Map ID address: 0x7FF4AD3F4E30
[2025-07-14 23:01:47.241] Raw map ID: 0x25000000 (620756992), Formatted: m37_00_00_00
[2025-07-14 23:01:47.353] Player position address: 0x7FF4AD3F7750
[2025-07-14 23:01:47.353] Player position: X=371,749115, Y=-252,186981, Z=-762,613525
[2025-07-14 23:01:47.353] WorldChrMan address: 0x7FF4AF0F6760
[2025-07-14 23:01:47.353] Map ID address: 0x7FF4AD3F4E30
[2025-07-14 23:01:47.353] Raw map ID: 0x25000000 (620756992), Formatted: m37_00_00_00
[2025-07-14 23:01:47.400] Player position address: 0x7FF4AD3F7750
[2025-07-14 23:01:47.400] Player position: X=371,749115, Y=-252,186981, Z=-762,613525
[2025-07-14 23:01:47.464] Player position address: 0x7FF4AD3F7750
[2025-07-14 23:01:47.465] Player position: X=371,749115, Y=-252,186981, Z=-762,613525
[2025-07-14 23:01:47.465] WorldChrMan address: 0x7FF4AF0F6760
[2025-07-14 23:01:47.465] Map ID address: 0x7FF4AD3F4E30
[2025-07-14 23:01:47.465] Raw map ID: 0x25000000 (620756992), Formatted: m37_00_00_00
[2025-07-14 23:01:47.560] Player position address: 0x7FF4AD3F7750
[2025-07-14 23:01:47.561] Player position: X=371,749115, Y=-252,186981, Z=-762,613525
[2025-07-14 23:01:47.561] Player position address: 0x7FF4AD3F7750
[2025-07-14 23:01:47.561] Player position: X=371,749115, Y=-252,186981, Z=-762,613525
[2025-07-14 23:01:47.561] WorldChrMan address: 0x7FF4AF0F6760
[2025-07-14 23:01:47.561] Map ID address: 0x7FF4AD3F4E30
[2025-07-14 23:01:47.561] Raw map ID: 0x25000000 (620756992), Formatted: m37_00_00_00
[2025-07-14 23:01:47.592] Player position address: 0x7FF4AD3F7750
[2025-07-14 23:01:47.592] Player position: X=371,749115, Y=-252,186981, Z=-762,613525
[2025-07-14 23:01:47.593] WorldChrMan address: 0x7FF4AF0F6760
[2025-07-14 23:01:47.593] Map ID address: 0x7FF4AD3F4E30
[2025-07-14 23:01:47.593] Raw map ID: 0x25000000 (620756992), Formatted: m37_00_00_00
[2025-07-14 23:01:47.719] Player position address: 0x7FF4AD3F7750
[2025-07-14 23:01:47.719] Player position: X=371,749115, Y=-252,186981, Z=-762,613525
[2025-07-14 23:01:47.719] Player position address: 0x7FF4AD3F7750
[2025-07-14 23:01:47.719] Player position: X=371,749115, Y=-252,186981, Z=-762,613525
[2025-07-14 23:01:47.719] WorldChrMan address: 0x7FF4AF0F6760
[2025-07-14 23:01:47.720] Map ID address: 0x7FF4AD3F4E30
[2025-07-14 23:01:47.720] Raw map ID: 0x25000000 (620756992), Formatted: m37_00_00_00
